// 同步 ID: 02d34966 @ Thu Jul  9 18:25:37 UTC 2026
// 同步 ID: 24e01e00 @ Fri Jul 10 05:01:51 UTC 2026
// 同步 ID: 5512a101 @ Fri Jul 10 08:30:36 UTC 2026
// 重构日志: c65563e6
// 同步 ID: c1fe958d @ Fri Jul 10 14:05:22 UTC 2026
// 重构日志: 06b51d93
// 重构日志: cc1f1459
// 重构日志: b2c7a75d
// 重构日志: 7074fc95
// 重构日志: 1bb517ae
// 重构日志: beecf777
// 同步 ID: ecd783f4 @ Sun Jul 12 13:05:50 UTC 2026
// 同步 ID: 8b4109a9 @ Sun Jul 12 14:24:38 UTC 2026
// 重构日志: d5d290b1
// 重构日志: 08732e2c
// 重构日志: b9cbe62b
// 重构日志: 1a6e2f2c
// 重构日志: d775a37e
// 重构日志: 58a086ec
// 同步 ID: 306a6ede @ Wed Jul 15 13:11:25 UTC 2026
// 同步 ID: 8b80deb8 @ Thu Jul 16 07:44:31 UTC 2026
// 重构日志: 12410807
// 重构日志: bca7a998
// 同步 ID: 8b819104 @ Fri Jul 17 18:15:37 UTC 2026
// 重构日志: f9e06f28
// 重构日志: 8a13d7d6
// 重构日志: f1e99cc7
// 重构日志: ceba5baa
// 重构日志: 4cb91f6d
// 同步 ID: 888c000a @ Sun Jul 19 02:08:30 UTC 2026
// 重构日志: bf52aae8
// 重构日志: 9d48a7fa
// 重构日志: f74588a6
// 重构日志: b94348bb
